<?xml version="1.0" encoding="UTF-8"?>
<coverage generated="1654646941984" clover="3.2.0">
  <project timestamp="1654646941984" name="All files">
    <metrics statements="43" coveredstatements="24" conditionals="29" coveredconditionals="13" methods="12" coveredmethods="7" elements="84" coveredelements="44" complexity="0" loc="43" ncloc="43" packages="1" files="2" classes="2"/>
    <file name="Button.tsx" path="/Users/adam/dev/beitzelgolf-turbo/packages/acme-core/src/Button.tsx">
      <metrics statements="24" coveredstatements="24" conditionals="18" coveredconditionals="13" methods="7" coveredmethods="7"/>
      <line num="1" count="1" type="stmt"/>
      <line num="2" count="1" type="stmt"/>
      <line num="3" count="1" type="stmt"/>
      <line num="4" count="1" type="stmt"/>
      <line num="5" count="1" type="stmt"/>
      <line num="6" count="1" type="stmt"/>
      <line num="7" count="1" type="stmt"/>
      <line num="8" count="1" type="stmt"/>
      <line num="9" count="1" type="stmt"/>
      <line num="11" count="1" type="stmt"/>
      <line num="12" count="2" type="cond" truecount="3" falsecount="2"/>
      <line num="13" count="2" type="stmt"/>
      <line num="14" count="36" type="cond" truecount="3" falsecount="1"/>
      <line num="15" count="36" type="cond" truecount="2" falsecount="0"/>
      <line num="17" count="2" type="stmt"/>
      <line num="19" count="1" type="cond" truecount="5" falsecount="2"/>
      <line num="20" count="1" type="stmt"/>
      <line num="21" count="1" type="stmt"/>
      <line num="22" count="1" type="stmt"/>
      <line num="23" count="2" type="stmt"/>
      <line num="25" count="1" type="stmt"/>
      <line num="26" count="1" type="stmt"/>
      <line num="28" count="2" type="stmt"/>
      <line num="30" count="1" type="stmt"/>
    </file>
    <file name="index.tsx" path="/Users/adam/dev/beitzelgolf-turbo/packages/acme-core/src/index.tsx">
      <metrics statements="19" coveredstatements="0" conditionals="11" coveredconditionals="0" methods="5" coveredmethods="0"/>
      <line num="1" count="0" type="stmt"/>
      <line num="2" count="0" type="stmt"/>
      <line num="3" count="0" type="stmt"/>
      <line num="4" count="0" type="stmt"/>
      <line num="5" count="0" type="stmt"/>
      <line num="6" count="0" type="stmt"/>
      <line num="7" count="0" type="stmt"/>
      <line num="9" count="0" type="stmt"/>
      <line num="10" count="0" type="cond" truecount="0" falsecount="5"/>
      <line num="11" count="0" type="stmt"/>
      <line num="12" count="0" type="cond" truecount="0" falsecount="4"/>
      <line num="13" count="0" type="cond" truecount="0" falsecount="2"/>
      <line num="15" count="0" type="stmt"/>
      <line num="17" count="0" type="stmt"/>
      <line num="18" count="0" type="stmt"/>
      <line num="19" count="0" type="stmt"/>
      <line num="20" count="0" type="stmt"/>
      <line num="22" count="0" type="stmt"/>
      <line num="23" count="0" type="stmt"/>
    </file>
  </project>
</coverage>
