{"/Users/adam/dev/beitzelgolf-turbo/packages/acme-core/src/Button.tsx": {"path":"/Users/adam/dev/beitzelgolf-turbo/packages/acme-core/src/Button.tsx","statementMap":{"0":{"start":{"line":1,"column":15},"end":{"line":1,"column":28}},"1":{"start":{"line":2,"column":16},"end":{"line":2,"column":37}},"2":{"start":{"line":3,"column":23},"end":{"line":3,"column":54}},"3":{"start":{"line":4,"column":24},"end":{"line":4,"column":50}},"4":{"start":{"line":5,"column":19},"end":{"line":5,"column":40}},"5":{"start":{"line":6,"column":19},"end":{"line":6,"column":50}},"6":{"start":{"line":7,"column":15},"end":{"line":10,"column":1}},"7":{"start":{"line":8,"column":2},"end":{"line":9,"column":66}},"8":{"start":{"line":9,"column":4},"end":{"line":9,"column":66}},"9":{"start":{"line":11,"column":18},"end":{"line":18,"column":1}},"10":{"start":{"line":12,"column":2},"end":{"line":16,"column":3}},"11":{"start":{"line":13,"column":4},"end":{"line":15,"column":123}},"12":{"start":{"line":14,"column":6},"end":{"line":15,"column":123}},"13":{"start":{"line":15,"column":8},"end":{"line":15,"column":123}},"14":{"start":{"line":15,"column":40},"end":{"line":15,"column":49}},"15":{"start":{"line":17,"column":2},"end":{"line":17,"column":12}},"16":{"start":{"line":19,"column":14},"end":{"line":19,"column":231}},"17":{"start":{"line":19,"column":44},"end":{"line":19,"column":230}},"18":{"start":{"line":20,"column":19},"end":{"line":20,"column":90}},"19":{"start":{"line":20,"column":28},"end":{"line":20,"column":90}},"20":{"start":{"line":21,"column":20},"end":{"line":21,"column":22}},"21":{"start":{"line":22,"column":0},"end":{"line":24,"column":3}},"22":{"start":{"line":23,"column":16},"end":{"line":23,"column":22}},"23":{"start":{"line":25,"column":0},"end":{"line":25,"column":45}},"24":{"start":{"line":26,"column":12},"end":{"line":26,"column":37}},"25":{"start":{"line":28,"column":2},"end":{"line":28,"column":77}},"26":{"start":{"line":30,"column":0},"end":{"line":30,"column":30}}},"fnMap":{"0":{"name":"(anonymous_0)","decl":{"start":{"line":7,"column":15},"end":{"line":7,"column":16}},"loc":{"start":{"line":7,"column":32},"end":{"line":10,"column":1}},"line":7},"1":{"name":"(anonymous_1)","decl":{"start":{"line":11,"column":18},"end":{"line":11,"column":19}},"loc":{"start":{"line":11,"column":46},"end":{"line":18,"column":1}},"line":11},"2":{"name":"(anonymous_2)","decl":{"start":{"line":15,"column":34},"end":{"line":15,"column":35}},"loc":{"start":{"line":15,"column":40},"end":{"line":15,"column":49}},"line":15},"3":{"name":"(anonymous_3)","decl":{"start":{"line":19,"column":14},"end":{"line":19,"column":15}},"loc":{"start":{"line":19,"column":44},"end":{"line":19,"column":230}},"line":19},"4":{"name":"(anonymous_4)","decl":{"start":{"line":20,"column":19},"end":{"line":20,"column":20}},"loc":{"start":{"line":20,"column":28},"end":{"line":20,"column":90}},"line":20},"5":{"name":"(anonymous_5)","decl":{"start":{"line":23,"column":10},"end":{"line":23,"column":11}},"loc":{"start":{"line":23,"column":16},"end":{"line":23,"column":22}},"line":23},"6":{"name":"Button","decl":{"start":{"line":27,"column":9},"end":{"line":27,"column":15}},"loc":{"start":{"line":27,"column":23},"end":{"line":29,"column":1}},"line":27}},"branchMap":{"0":{"loc":{"start":{"line":12,"column":2},"end":{"line":16,"column":3}},"type":"if","locations":[{"start":{"line":12,"column":2},"end":{"line":16,"column":3}},{"start":{},"end":{}}],"line":12},"1":{"loc":{"start":{"line":12,"column":6},"end":{"line":12,"column":68}},"type":"binary-expr","locations":[{"start":{"line":12,"column":6},"end":{"line":12,"column":10}},{"start":{"line":12,"column":14},"end":{"line":12,"column":38}},{"start":{"line":12,"column":42},"end":{"line":12,"column":68}}],"line":12},"2":{"loc":{"start":{"line":14,"column":6},"end":{"line":15,"column":123}},"type":"if","locations":[{"start":{"line":14,"column":6},"end":{"line":15,"column":123}},{"start":{},"end":{}}],"line":14},"3":{"loc":{"start":{"line":14,"column":10},"end":{"line":14,"column":55}},"type":"binary-expr","locations":[{"start":{"line":14,"column":10},"end":{"line":14,"column":37}},{"start":{"line":14,"column":41},"end":{"line":14,"column":55}}],"line":14},"4":{"loc":{"start":{"line":15,"column":63},"end":{"line":15,"column":119}},"type":"binary-expr","locations":[{"start":{"line":15,"column":63},"end":{"line":15,"column":100}},{"start":{"line":15,"column":104},"end":{"line":15,"column":119}}],"line":15},"5":{"loc":{"start":{"line":19,"column":53},"end":{"line":19,"column":99}},"type":"cond-expr","locations":[{"start":{"line":19,"column":67},"end":{"line":19,"column":94}},{"start":{"line":19,"column":97},"end":{"line":19,"column":99}}],"line":19},"6":{"loc":{"start":{"line":19,"column":113},"end":{"line":19,"column":224}},"type":"cond-expr","locations":[{"start":{"line":19,"column":153},"end":{"line":19,"column":215}},{"start":{"line":19,"column":218},"end":{"line":19,"column":224}}],"line":19},"7":{"loc":{"start":{"line":19,"column":113},"end":{"line":19,"column":150}},"type":"binary-expr","locations":[{"start":{"line":19,"column":113},"end":{"line":19,"column":123}},{"start":{"line":19,"column":127},"end":{"line":19,"column":131}},{"start":{"line":19,"column":135},"end":{"line":19,"column":150}}],"line":19}},"s":{"0":1,"1":1,"2":1,"3":1,"4":1,"5":1,"6":1,"7":1,"8":1,"9":1,"10":2,"11":2,"12":36,"13":36,"14":4,"15":2,"16":1,"17":1,"18":1,"19":1,"20":1,"21":1,"22":2,"23":1,"24":1,"25":2,"26":1},"f":{"0":1,"1":2,"2":4,"3":1,"4":1,"5":2,"6":2},"b":{"0":[2,0],"1":[2,2,0],"2":[36,0],"3":[36,36],"4":[36,36],"5":[1,0],"6":[1,0],"7":[1,1,1]},"inputSourceMap":null,"_coverageSchema":"1a1c01bbd47fc00a2c39e90264f33305004495a9","hash":"a5518947c5dfa414e37f1d62a445e0db3c8e1485"}
,"/Users/adam/dev/beitzelgolf-turbo/packages/acme-core/src/index.tsx": {"path":"/Users/adam/dev/beitzelgolf-turbo/packages/acme-core/src/index.tsx","statementMap":{"0":{"start":{"line":1,"column":16},"end":{"line":1,"column":37}},"1":{"start":{"line":2,"column":23},"end":{"line":2,"column":54}},"2":{"start":{"line":3,"column":24},"end":{"line":3,"column":50}},"3":{"start":{"line":4,"column":19},"end":{"line":4,"column":50}},"4":{"start":{"line":5,"column":15},"end":{"line":8,"column":1}},"5":{"start":{"line":6,"column":2},"end":{"line":7,"column":66}},"6":{"start":{"line":7,"column":4},"end":{"line":7,"column":66}},"7":{"start":{"line":9,"column":18},"end":{"line":16,"column":1}},"8":{"start":{"line":10,"column":2},"end":{"line":14,"column":3}},"9":{"start":{"line":11,"column":4},"end":{"line":13,"column":123}},"10":{"start":{"line":12,"column":6},"end":{"line":13,"column":123}},"11":{"start":{"line":13,"column":8},"end":{"line":13,"column":123}},"12":{"start":{"line":13,"column":40},"end":{"line":13,"column":49}},"13":{"start":{"line":15,"column":2},"end":{"line":15,"column":12}},"14":{"start":{"line":17,"column":19},"end":{"line":17,"column":90}},"15":{"start":{"line":17,"column":28},"end":{"line":17,"column":90}},"16":{"start":{"line":18,"column":20},"end":{"line":18,"column":22}},"17":{"start":{"line":19,"column":0},"end":{"line":21,"column":3}},"18":{"start":{"line":20,"column":16},"end":{"line":20,"column":36}},"19":{"start":{"line":22,"column":0},"end":{"line":22,"column":45}},"20":{"start":{"line":23,"column":20},"end":{"line":23,"column":39}}},"fnMap":{"0":{"name":"(anonymous_0)","decl":{"start":{"line":5,"column":15},"end":{"line":5,"column":16}},"loc":{"start":{"line":5,"column":32},"end":{"line":8,"column":1}},"line":5},"1":{"name":"(anonymous_1)","decl":{"start":{"line":9,"column":18},"end":{"line":9,"column":19}},"loc":{"start":{"line":9,"column":46},"end":{"line":16,"column":1}},"line":9},"2":{"name":"(anonymous_2)","decl":{"start":{"line":13,"column":34},"end":{"line":13,"column":35}},"loc":{"start":{"line":13,"column":40},"end":{"line":13,"column":49}},"line":13},"3":{"name":"(anonymous_3)","decl":{"start":{"line":17,"column":19},"end":{"line":17,"column":20}},"loc":{"start":{"line":17,"column":28},"end":{"line":17,"column":90}},"line":17},"4":{"name":"(anonymous_4)","decl":{"start":{"line":20,"column":10},"end":{"line":20,"column":11}},"loc":{"start":{"line":20,"column":16},"end":{"line":20,"column":36}},"line":20}},"branchMap":{"0":{"loc":{"start":{"line":10,"column":2},"end":{"line":14,"column":3}},"type":"if","locations":[{"start":{"line":10,"column":2},"end":{"line":14,"column":3}},{"start":{},"end":{}}],"line":10},"1":{"loc":{"start":{"line":10,"column":6},"end":{"line":10,"column":68}},"type":"binary-expr","locations":[{"start":{"line":10,"column":6},"end":{"line":10,"column":10}},{"start":{"line":10,"column":14},"end":{"line":10,"column":38}},{"start":{"line":10,"column":42},"end":{"line":10,"column":68}}],"line":10},"2":{"loc":{"start":{"line":12,"column":6},"end":{"line":13,"column":123}},"type":"if","locations":[{"start":{"line":12,"column":6},"end":{"line":13,"column":123}},{"start":{},"end":{}}],"line":12},"3":{"loc":{"start":{"line":12,"column":10},"end":{"line":12,"column":55}},"type":"binary-expr","locations":[{"start":{"line":12,"column":10},"end":{"line":12,"column":37}},{"start":{"line":12,"column":41},"end":{"line":12,"column":55}}],"line":12},"4":{"loc":{"start":{"line":13,"column":63},"end":{"line":13,"column":119}},"type":"binary-expr","locations":[{"start":{"line":13,"column":63},"end":{"line":13,"column":100}},{"start":{"line":13,"column":104},"end":{"line":13,"column":119}}],"line":13}},"s":{"0":0,"1":0,"2":0,"3":0,"4":0,"5":0,"6":0,"7":0,"8":0,"9":0,"10":0,"11":0,"12":0,"13":0,"14":0,"15":0,"16":0,"17":0,"18":0,"19":0,"20":0},"f":{"0":0,"1":0,"2":0,"3":0,"4":0},"b":{"0":[0,0],"1":[0,0,0],"2":[0,0],"3":[0,0],"4":[0,0]},"inputSourceMap":null}
}
