TN:
SF:src/Button.tsx
FN:7,(anonymous_0)
FN:11,(anonymous_1)
FN:15,(anonymous_2)
FN:19,(anonymous_3)
FN:20,(anonymous_4)
FN:23,(anonymous_5)
FN:27,Button
FNF:7
FNH:7
FNDA:1,(anonymous_0)
FNDA:2,(anonymous_1)
FNDA:4,(anonymous_2)
FNDA:1,(anonymous_3)
FNDA:1,(anonymous_4)
FNDA:2,(anonymous_5)
FNDA:2,Button
DA:1,1
DA:2,1
DA:3,1
DA:4,1
DA:5,1
DA:6,1
DA:7,1
DA:8,1
DA:9,1
DA:11,1
DA:12,2
DA:13,2
DA:14,36
DA:15,36
DA:17,2
DA:19,1
DA:20,1
DA:21,1
DA:22,1
DA:23,2
DA:25,1
DA:26,1
DA:28,2
DA:30,1
LF:24
LH:24
BRDA:12,0,0,2
BRDA:12,0,1,0
BRDA:12,1,0,2
BRDA:12,1,1,2
BRDA:12,1,2,0
BRDA:14,2,0,36
BRDA:14,2,1,0
BRDA:14,3,0,36
BRDA:14,3,1,36
BRDA:15,4,0,36
BRDA:15,4,1,36
BRDA:19,5,0,1
BRDA:19,5,1,0
BRDA:19,6,0,1
BRDA:19,6,1,0
BRDA:19,7,0,1
BRDA:19,7,1,1
BRDA:19,7,2,1
BRF:18
BRH:13
end_of_record
TN:
SF:src/index.tsx
FN:5,(anonymous_0)
FN:9,(anonymous_1)
FN:13,(anonymous_2)
FN:17,(anonymous_3)
FN:20,(anonymous_4)
FNF:5
FNH:0
FNDA:0,(anonymous_0)
FNDA:0,(anonymous_1)
FNDA:0,(anonymous_2)
FNDA:0,(anonymous_3)
FNDA:0,(anonymous_4)
DA:1,0
DA:2,0
DA:3,0
DA:4,0
DA:5,0
DA:6,0
DA:7,0
DA:9,0
DA:10,0
DA:11,0
DA:12,0
DA:13,0
DA:15,0
DA:17,0
DA:18,0
DA:19,0
DA:20,0
DA:22,0
DA:23,0
LF:19
LH:0
BRDA:10,0,0,0
BRDA:10,0,1,0
BRDA:10,1,0,0
BRDA:10,1,1,0
BRDA:10,1,2,0
BRDA:12,2,0,0
BRDA:12,2,1,0
BRDA:12,3,0,0
BRDA:12,3,1,0
BRDA:13,4,0,0
BRDA:13,4,1,0
BRF:11
BRH:0
end_of_record
